The Dart VM service is listening on http://127.0.0.1:59710/Dn-KeXRqjok=/
The Dart DevTools debugger and profiler is available at: http://127.0.0.1:59710/Dn-KeXRqjok=/devtools/?uri=ws://127.0.0.1:59710/Dn-KeXRqjok=/ws
The Dart VM service is listening on http://127.0.0.1:59781/xStIZCzyUjU=/
The Dart DevTools debugger and profiler is available at: http://127.0.0.1:59781/xStIZCzyUjU=/devtools/?uri=ws://127.0.0.1:59781/xStIZCzyUjU=/ws
The Dart VM service is listening on http://127.0.0.1:60377/5-JA45svQgE=/
The Dart DevTools debugger and profiler is available at: http://127.0.0.1:60377/5-JA45svQgE=/devtools/?uri=ws://127.0.0.1:60377/5-JA45svQgE=/ws
The Dart VM service is listening on http://127.0.0.1:64302/DRY2zw82gm4=/
The Dart DevTools debugger and profiler is available at: http://127.0.0.1:64302/DRY2zw82gm4=/devtools/?uri=ws://127.0.0.1:64302/DRY2zw82gm4=/ws
The Dart VM service is listening on http://127.0.0.1:52743/o6YU5Zft1bk=/
The Dart DevTools debugger and profiler is available at: http://127.0.0.1:52743/o6YU5Zft1bk=/devtools/?uri=ws://127.0.0.1:52743/o6YU5Zft1bk=/ws
The Dart VM service is listening on http://127.0.0.1:52785/k4VAZU24R0M=/
The Dart DevTools debugger and profiler is available at: http://127.0.0.1:52785/k4VAZU24R0M=/devtools/?uri=ws://127.0.0.1:52785/k4VAZU24R0M=/ws
[WrapWithConsumer] 2024-09-13T09:45:45.892805 Plugin WrapWithConsumer threw while analyzing /Users/lohnn/Programming/hackathon/bankopol/lib/screens/player_screen.dart:
[WrapWithConsumer] 2024-09-13T09:45:45.892805 InconsistentAnalysisException: Requested result might be inconsistent with previously returned results
[WrapWithConsumer] 2024-09-13T09:45:45.892805
[WrapWithConsumer] 2024-09-13T09:45:45.892805 #0      AnalysisSessionImpl.checkConsistency (package:analyzer/src/dart/analysis/session.dart:54:7)
[WrapWithConsumer] 2024-09-13T09:45:45.892805 #1      AnalysisSessionImpl.getResolvedUnit (package:analyzer/src/dart/analysis/session.dart:129:5)
[WrapWithConsumer] 2024-09-13T09:45:45.892805 #2      ChangeBuilderImpl._createDartFileEditBuilder (package:analyzer_plugin/src/utilities/change_builder/change_builder_core.dart:287:33)
[WrapWithConsumer] 2024-09-13T09:45:45.892805 #3      ChangeBuilderImpl.addDartFileEdit (package:analyzer_plugin/src/utilities/change_builder/change_builder_core.dart:136:23)
[WrapWithConsumer] 2024-09-13T09:45:45.892805 #4      _ChangeBuilderImpl.addDartFileEdit (package:custom_lint_core/src/change_reporter.dart:129:33)
[WrapWithConsumer] 2024-09-13T09:45:45.892805 #5      WrapWithConsumer.run.<anonymous closure> (package:riverpod_lint/src/assists/wrap_with_consumer.dart:35:21)
[WrapWithConsumer] 2024-09-13T09:45:45.892805 #6      _rootRunUnary (dart:async/zone.dart:1415:13)
[WrapWithConsumer] 2024-09-13T09:45:45.892805 #7      _CustomZone.runUnary (dart:async/zone.dart:1308:19)
[WrapWithConsumer] 2024-09-13T09:45:45.892805 #8      LinterVisitor._runSubscriptions (package:custom_lint_core/src/node_lint_visitor.g.dart:29:27)
[WrapWithConsumer] 2024-09-13T09:45:45.892805 #9      LinterVisitor.visitInstanceCreationExpression (package:custom_lint_core/src/node_lint_visitor.g.dart:609:5)
[WrapWithConsumer] 2024-09-13T09:45:45.892805 #10     InstanceCreationExpressionImpl.accept (package:analyzer/src/dart/ast/ast.dart:10139:15)
[WrapWithConsumer] 2024-09-13T09:45:45.892805 #11     ReturnStatementImpl.visitChildren (package:analyzer/src/dart/ast/ast.dart:15081:18)
[WrapWithConsumer] 2024-09-13T09:45:45.892805 #12     GeneralizingAstVisitor.visitNode (package:analyzer/dart/ast/visitor.dart:552:10)
[WrapWithConsumer] 2024-09-13T09:45:45.892805 #13     LinterVisitor.visitNode (package:custom_lint_core/src/node_lint_visitor.g.dart:784:11)
[WrapWithConsumer] 2024-09-13T09:45:45.892805 #14     GeneralizingAstVisitor.visitStatement (package:analyzer/dart/ast/visitor.dart:697:40)
[WrapWithConsumer] 2024-09-13T09:45:45.892805 #15     LinterVisitor.visitStatement (package:custom_lint_core/src/node_lint_visitor.g.dart:1029:11)
[WrapWithConsumer] 2024-09-13T09:45:45.892805 #16     GeneralizingAstVisitor.visitReturnStatement (package:analyzer/dart/ast/visitor.dart:669:52)
[WrapWithConsumer] 2024-09-13T09:45:45.892805 #17     LinterVisitor.visitReturnStatement (package:custom_lint_core/src/node_lint_visitor.g.dart:975:11)
[WrapWithConsumer] 2024-09-13T09:45:45.892805 #18     ReturnStatementImpl.accept (package:analyzer/src/dart/ast/ast.dart:15077:50)
[WrapWithConsumer] 2024-09-13T09:45:45.892805 #19     NodeListImpl.accept (package:analyzer/src/dart/ast/ast.dart:12591:20)
[WrapWithConsumer] 2024-09-13T09:45:45.892805 #20     BlockImpl.visitChildren (package:analyzer/src/dart/ast/ast.dart:2091:17)
[WrapWithConsumer] 2024-09-13T09:45:45.892805 #21     GeneralizingAstVisitor.visitNode (package:analyzer/dart/ast/visitor.dart:552:10)
[WrapWithConsumer] 2024-09-13T09:45:45.892805 #22     LinterVisitor.visitNode (package:custom_lint_core/src/node_lint_visitor.g.dart:784:11)
[WrapWithConsumer] 2024-09-13T09:45:45.892805 #23     GeneralizingAstVisitor.visitStatement (package:analyzer/dart/ast/visitor.dart:697:40)
[WrapWithConsumer] 2024-09-13T09:45:45.892805 #24     LinterVisitor.visitStatement (package:custom_lint_core/src/node_lint_visitor.g.dart:1029:11)
[WrapWithConsumer] 2024-09-13T09:45:45.892805 #25     GeneralizingAstVisitor.visitBlock (package:analyzer/dart/ast/visitor.dart:181:32)
[WrapWithConsumer] 2024-09-13T09:45:45.892805 #26     LinterVisitor.visitBlock (package:custom_lint_core/src/node_lint_visitor.g.dart:112:11)
[WrapWithConsumer] 2024-09-13T09:45:45.892805 #27     BlockImpl.accept (package:analyzer/src/dart/ast/ast.dart:2087:50)
[WrapWithConsumer] 2024-09-13T09:45:45.892805 #28     BlockFunctionBodyImpl.visitChildren (package:analyzer/src/dart/ast/ast.dart:2047:12)
[WrapWithConsumer] 2024-09-13T09:45:45.892805 #29     GeneralizingAstVisitor.visitNode (package:analyzer/dart/ast/visitor.dart:552:10)
[WrapWithConsumer] 2024-09-13T09:45:45.892805 #30     LinterVisitor.visitNode (package:custom_lint_core/src/node_lint_visitor.g.dart:784:11)
[WrapWithConsumer] 2024-09-13T09:45:45.892805 #31     GeneralizingAstVisitor.visitFunctionBody (package:analyzer/dart/ast/visitor.dart:384:46)
[WrapWithConsumer] 2024-09-13T09:45:45.892805 #32     LinterVisitor.visitFunctionBody (package:custom_lint_core/src/node_lint_visitor.g.dart:490:11)
[WrapWithConsumer] 2024-09-13T09:45:45.892805 #33     GeneralizingAstVisitor.visitBlockFunctionBody (package:analyzer/dart/ast/visitor.dart:184:56)
[WrapWithConsumer] 2024-09-13T09:45:45.892805 #34     LinterVisitor.visitBlockFunctionBody (package:custom_lint_core/src/node_lint_visitor.g.dart:118:11)
[WrapWithConsumer] 2024-09-13T09:45:45.892805 #35     BlockFunctionBodyImpl.accept (package:analyzer/src/dart/ast/ast.dart:2039:50)
[WrapWithConsumer] 2024-09-13T09:45:45.892805 #36     FunctionExpressionImpl.visitChildren (package:analyzer/src/dart/ast/ast.dart:8326:11)
[WrapWithConsumer] 2024-09-13T09:45:45.892805 #37     GeneralizingAstVisitor.visitNode (package:analyzer/dart/ast/visitor.dart:552:10)
[WrapWithConsumer] 2024-09-13T09:45:45.892805 #38     LinterVisitor.visitNode (package:custom_lint_core/src/node_lint_visitor.g.dart:784:11)
[WrapWithConsumer] 2024-09-13T09:45:45.892805 #39     GeneralizingAstVisitor.visitCollectionElement (package:analyzer/dart/ast/visitor.dart:216:56)
[WrapWithConsumer] 2024-09-13T09:45:45.892805 #40     LinterVisitor.visitCollectionElement (package:custom_lint_core/src/node_lint_visitor.g.dart:184:11)
[WrapWithConsumer] 2024-09-13T09:45:45.892805 #41     GeneralizingAstVisitor.visitExpression (package:analyzer/dart/ast/visitor.dart:313:42)
[WrapWithConsumer] 2024-09-13T09:45:45.892805 #42     LinterVisitor.visitExpression (package:custom_lint_core/src/node_lint_visitor.g.dart:370:11)
[WrapWithConsumer] 2024-09-13T09:45:45.892805 #43     GeneralizingAstVisitor.visitFunctionExpression (package:analyzer/dart/ast/visitor.dart:399:58)
[WrapWithConsumer] 2024-09-13T09:45:45.892805 #44     LinterVisitor.visitFunctionExpression (package:custom_lint_core/src/node_lint_visitor.g.dart:508:11)
[WrapWithConsumer] 2024-09-13T09:45:45.892805 #45     FunctionExpressionImpl.accept (package:analyzer/src/dart/ast/ast.dart:8315:50)
[WrapWithConsumer] 2024-09-13T09:45:45.892805 #46     NamedExpressionImpl.visitChildren (package:analyzer/src/dart/ast/ast.dart:12191:17)
[WrapWithConsumer] 2024-09-13T09:45:45.892805 #47     GeneralizingAstVisitor.visitNode (package:analyzer/dart/ast/visitor.dart:552:10)
[WrapWithConsumer] 2024-09-13T09:45:45.892805 #48     LinterVisitor.visitNode (package:custom_lint_core/src/node_lint_visitor.g.dart:784:11)
[WrapWithConsumer] 2024-09-13T09:45:45.892805 #49     GeneralizingAstVisitor.visitCollectionElement (package:analyzer/dart/ast/visitor.dart:216:56)
[WrapWithConsumer] 2024-09-13T09:45:45.892805 #50     LinterVisitor.visitCollectionElement (package:custom_lint_core/src/node_lint_visitor.g.dart:184:11)
[WrapWithConsumer] 2024-09-13T09:45:45.892805 #51     GeneralizingAstVisitor.visitExpression (package:analyzer/dart/ast/visitor.dart:313:42)
[WrapWithConsumer] 2024-09-13T09:45:45.892805 #52     LinterVisitor.visitExpression (package:custom_lint_core/src/node_lint_visitor.g.dart:370:11)
[WrapWithConsumer] 2024-09-13T09:45:45.892805 #53     GeneralizingAstVisitor.visitNamedExpression (package:analyzer/dart/ast/visitor.dart:536:52)
[WrapWithConsumer] 2024-09-13T09:45:45.892805 #54     LinterVisitor.visitNamedExpression (package:custom_lint_core/src/node_lint_visitor.g.dart:754:11)
[WrapWithConsumer] 2024-09-13T09:45:45.892805 #55     NamedExpressionImpl.accept (package:analyzer/src/dart/ast/ast.dart:12181:50)
[WrapWithConsumer] 2024-09-13T09:45:45.892805 #56     NodeListImpl.accept (package:analyzer/src/dart/ast/ast.dart:12591:20)
[WrapWithConsumer] 2024-09-13T09:45:45.892805 #57     ArgumentListImpl.visitChildren (package:analyzer/src/dart/ast/ast.dart:498:16)
[WrapWithConsumer] 2024-09-13T09:45:45.892805 #58     GeneralizingAstVisitor.visitNode (package:analyzer/dart/ast/visitor.dart:552:10)
[WrapWithConsumer] 2024-09-13T09:45:45.892805 #59     LinterVisitor.visitNode (package:custom_lint_core/src/node_lint_visitor.g.dart:784:11)
[WrapWithConsumer] 2024-09-13T09:45:45.892805 #60     GeneralizingAstVisitor.visitArgumentList (package:analyzer/dart/ast/visitor.dart:143:46)
[WrapWithConsumer] 2024-09-13T09:45:45.892805 #61     LinterVisitor.visitArgumentList (package:custom_lint_core/src/node_lint_visitor.g.dart:58:11)
[WrapWithConsumer] 2024-09-13T09:45:45.892805 #62     ArgumentListImpl.accept (package:analyzer/src/dart/ast/ast.dart:494:50)
[WrapWithConsumer] 2024-09-13T09:45:45.892805 #63     MethodInvocationImpl.visitChildren (package:analyzer/src/dart/ast/ast.dart:11890:19)
[WrapWithConsumer] 2024-09-13T09:45:45.892805 #64     GeneralizingAstVisitor.visitNode (package:analyzer/dart/ast/visitor.dart:552:10)
[WrapWithConsumer] 2024-09-13T09:45:45.892805 #65     LinterVisitor.visitNode (package:custom_lint_core/src/node_lint_visitor.g.dart:784:11)
[WrapWithConsumer] 2024-09-13T09:45:45.892805 #66     GeneralizingAstVisitor.visitCollectionElement (package:analyzer/dart/ast/visitor.dart:216:56)
[WrapWithConsumer] 2024-09-13T09:45:45.892805 #67     LinterVisitor.visitCollectionElement (package:custom_lint_core/src/node_lint_visitor.g.dart:184:11)
[WrapWithConsumer] 2024-09-13T09:45:45.892805 #68     GeneralizingAstVisitor.visitExpression (package:analyzer/dart/ast/visitor.dart:313:42)
[WrapWithConsumer] 2024-09-13T09:45:45.892805 #69     LinterVisitor.visitExpression (package:custom_lint_core/src/node_lint_visitor.g.dart:370:11)
[WrapWithConsumer] 2024-09-13T09:45:45.892805 #70     GeneralizingAstVisitor.visitInvocationExpression (package:analyzer/dart/ast/visitor.dart:470:7)
[WrapWithConsumer] 2024-09-13T09:45:45.892805 #71     LinterVisitor.visitInvocationExpression (package:custom_lint_core/src/node_lint_visitor.g.dart:640:11)
[WrapWithConsumer] 2024-09-13T09:45:45.892805 #72     GeneralizingAstVisitor.visitMethodInvocation (package:analyzer/dart/ast/visitor.dart:520:7)
[WrapWithConsumer] 2024-09-13T09:45:45.892805 #73     LinterVisitor.visitMethodInvocation (package:custom_lint_core/src/node_lint_visitor.g.dart:736:11)
[WrapWithConsumer] 2024-09-13T09:45:45.892805 #74     MethodInvocationImpl.accept (package:analyzer/src/dart/ast/ast.dart:11878:50)
[WrapWithConsumer] 2024-09-13T09:45:45.892805 #75     ExpressionStatementImpl.visitChildren (package:analyzer/src/dart/ast/ast.dart:6206:17)
[WrapWithConsumer] 2024-09-13T09:45:45.892805 #76     GeneralizingAstVisitor.visitNode (package:analyzer/dart/ast/visitor.dart:552:10)
[WrapWithConsumer] 2024-09-13T09:45:45.892805 #77     LinterVisitor.visitNode (package:custom_lint_core/src/node_lint_visitor.g.dart:784:11)
[WrapWithConsumer] 2024-09-13T09:45:45.892805 #78     GeneralizingAstVisitor.visitStatement (package:analyzer/dart/ast/visitor.dart:697:40)
[WrapWithConsumer] 2024-09-13T09:45:45.892805 #79     LinterVisitor.visitStatement (package:custom_lint_core/src/node_lint_visitor.g.dart:1029:11)
[WrapWithConsumer] 2024-09-13T09:45:45.892805 #80     GeneralizingAstVisitor.visitExpressionStatement (package:analyzer/dart/ast/visitor.dart:320:60)
[WrapWithConsumer] 2024-09-13T09:45:45.892805 #81     LinterVisitor.visitExpressionStatement (package:custom_lint_core/src/node_lint_visitor.g.dart:382:11)
[WrapWithConsumer] 2024-09-13T09:45:45.892805 #82     ExpressionStatementImpl.accept (package:analyzer/src/dart/ast/ast.dart:6202:50)
[WrapWithConsumer] 2024-09-13T09:45:45.892805 #83     NodeListImpl.accept (package:analyzer/src/dart/ast/ast.dart:12591:20)
[WrapWithConsumer] 2024-09-13T09:45:45.892805 #84     BlockImpl.visitChildren (package:analyzer/src/dart/ast/ast.dart:2091:17)
[WrapWithConsumer] 2024-09-13T09:45:45.892805 #85     GeneralizingAstVisitor.visitNode (package:analyzer/dart/ast/visitor.dart:552:10)
[WrapWithConsumer] 2024-09-13T09:45:45.892805 #86     LinterVisitor.visitNode (package:custom_lint_core/src/node_lint_visitor.g.dart:784:11)
[WrapWithConsumer] 2024-09-13T09:45:45.892805 #87     GeneralizingAstVisitor.visitStatement (package:analyzer/dart/ast/visitor.dart:697:40)
[WrapWithConsumer] 2024-09-13T09:45:45.892805 #88     LinterVisitor.visitStatement (package:custom_lint_core/src/node_lint_visitor.g.dart:1029:11)
[WrapWithConsumer] 2024-09-13T09:45:45.892805 #89     GeneralizingAstVisitor.visitBlock (package:analyzer/dart/ast/visitor.dart:181:32)
[WrapWithConsumer] 2024-09-13T09:45:45.892805 #90     LinterVisitor.visitBlock (package:custom_lint_core/src/node_lint_visitor.g.dart:112:11)
[WrapWithConsumer] 2024-09-13T09:45:45.892805 #91     BlockImpl.accept (package:analyzer/src/dart/ast/ast.dart:2087:50)
[WrapWithConsumer] 2024-09-13T09:45:45.892805 #92     BlockFunctionBodyImpl.visitChildren (package:analyzer/src/dart/ast/ast.dart:2047:12)
[WrapWithConsumer] 2024-09-13T09:45:45.892805 #93     GeneralizingAstVisitor.visitNode (package:analyzer/dart/ast/visitor.dart:552:10)
[WrapWithConsumer] 2024-09-13T09:45:45.892805 #94     LinterVisitor.visitNode (package:custom_lint_core/src/node_lint_visitor.g.dart:784:11)
[WrapWithConsumer] 2024-09-13T09:45:45.892805 #95     GeneralizingAstVisitor.visitFunctionBody (package:analyzer/dart/ast/visitor.dart:384:46)
[WrapWithConsumer] 2024-09-13T09:45:45.892805 #96     LinterVisitor.visitFunctionBody (package:custom_lint_core/src/node_lint_visitor.g.dart:490:11)
[WrapWithConsumer] 2024-09-13T09:45:45.892805 #97     GeneralizingAstVisitor.visitBlockFunctionBody (package:analyzer/dart/ast/visitor.dart:184:56)
[WrapWithConsumer] 2024-09-13T09:45:45.892805 #98     LinterVisitor.visitBlockFunctionBody (package:custom_lint_core/src/node_lint_visitor.g.dart:118:11)
[WrapWithConsumer] 2024-09-13T09:45:45.892805 #99     BlockFunctionBodyImpl.accept (package:analyzer/src/dart/ast/ast.dart:2039:50)
[WrapWithConsumer] 2024-09-13T09:45:45.892805 #100    MethodDeclarationImpl.visitChildren (package:analyzer/src/dart/ast/ast.dart:11701:10)
[WrapWithConsumer] 2024-09-13T09:45:45.892805 #101    GeneralizingAstVisitor.visitNode (package:analyzer/dart/ast/visitor.dart:552:10)
[WrapWithConsumer] 2024-09-13T09:45:45.892805 #102    LinterVisitor.visitNode (package:custom_lint_core/src/node_lint_visitor.g.dart:784:11)
[WrapWithConsumer] 2024-09-13T09:45:45.892805 #103    GeneralizingAstVisitor.visitAnnotatedNode (package:analyzer/dart/ast/visitor.dart:137:48)
[WrapWithConsumer] 2024-09-13T09:45:45.892805 #104    LinterVisitor.visitAnnotatedNode (package:custom_lint_core/src/node_lint_visitor.g.dart:46:11)
[WrapWithConsumer] 2024-09-13T09:45:45.892805 #105    GeneralizingAstVisitor.visitDeclaration (package:analyzer/dart/ast/visitor.dart:268:44)
[WrapWithConsumer] 2024-09-13T09:45:45.892805 #106    LinterVisitor.visitDeclaration (package:custom_lint_core/src/node_lint_visitor.g.dart:286:11)
[WrapWithConsumer] 2024-09-13T09:45:45.892805 #107    GeneralizingAstVisitor.visitClassMember (package:analyzer/dart/ast/visitor.dart:211:44)
[WrapWithConsumer] 2024-09-13T09:45:45.892805 #108    LinterVisitor.visitClassMember (package:custom_lint_core/src/node_lint_visitor.g.dart:172:11)
[WrapWithConsumer] 2024-09-13T09:45:45.892805 #109    GeneralizingAstVisitor.visitMethodDeclaration (package:analyzer/dart/ast/visitor.dart:516:56)
[WrapWithConsumer] 2024-09-13T09:45:45.892805 #110    LinterVisitor.visitMethodDeclaration (package:custom_lint_core/src/node_lint_visitor.g.dart:730:11)
[WrapWithConsumer] 2024-09-13T09:45:45.892805 #111    MethodDeclarationImpl.accept (package:analyzer/src/dart/ast/ast.dart:11693:50)
[WrapWithConsumer] 2024-09-13T09:45:45.892805 #112    NodeListImpl.accept (package:analyzer/src/dart/ast/ast.dart:12591:20)
[WrapWithConsumer] 2024-09-13T09:45:45.892805 #113    ClassDeclarationImpl.visitChildren (package:analyzer/src/dart/ast/ast.dart:2952:13)
[WrapWithConsumer] 2024-09-13T09:45:45.892805 #114    GeneralizingAstVisitor.visitNode (package:analyzer/dart/ast/visitor.dart:552:10)
[WrapWithConsumer] 2024-09-13T09:45:45.892805 #115    LinterVisitor.visitNode (package:custom_lint_core/src/node_lint_visitor.g.dart:784:11)
[WrapWithConsumer] 2024-09-13T09:45:45.892805 #116    GeneralizingAstVisitor.visitAnnotatedNode (package:analyzer/dart/ast/visitor.dart:137:48)
[WrapWithConsumer] 2024-09-13T09:45:45.892805 #117    LinterVisitor.visitAnnotatedNode (package:custom_lint_core/src/node_lint_visitor.g.dart:46:11)
[WrapWithConsumer] 2024-09-13T09:45:45.892805 #118    GeneralizingAstVisitor.visitDeclaration (package:analyzer/dart/ast/visitor.dart:268:44)
[WrapWithConsumer] 2024-09-13T09:45:45.892805 #119    LinterVisitor.visitDeclaration (package:custom_lint_core/src/node_lint_visitor.g.dart:286:11)
[WrapWithConsumer] 2024-09-13T09:45:45.892805 #120    GeneralizingAstVisitor.visitCompilationUnitMember (package:analyzer/dart/ast/visitor.dart:230:7)
[WrapWithConsumer] 2024-09-13T09:45:45.892805 #121    LinterVisitor.visitCompilationUnitMember (package:custom_lint_core/src/node_lint_visitor.g.dart:214:11)
[WrapWithConsumer] 2024-09-13T09:45:45.892805 #122    GeneralizingAstVisitor.visitNamedCompilationUnitMember (package:analyzer/dart/ast/visitor.dart:533:7)
[WrapWithConsumer] 2024-09-13T09:45:45.892805 #123    LinterVisitor.visitNamedCompilationUnitMember (package:custom_lint_core/src/node_lint_visitor.g.dart:748:11)
[WrapWithConsumer] 2024-09-13T09:45:45.892805 #124    GeneralizingAstVisitor.visitClassDeclaration (package:analyzer/dart/ast/visitor.dart:209:7)
[WrapWithConsumer] 2024-09-13T09:45:45.892805 #125    LinterVisitor.visitClassDeclaration (package:custom_lint_core/src/node_lint_visitor.g.dart:166:11)
[WrapWithConsumer] 2024-09-13T09:45:45.892805 #126    ClassDeclarationImpl.accept (package:analyzer/src/dart/ast/ast.dart:2942:50)
[WrapWithConsumer] 2024-09-13T09:45:45.892805 #127    NodeListImpl.accept (package:analyzer/src/dart/ast/ast.dart:12591:20)
[WrapWithConsumer] 2024-09-13T09:45:45.892805 #128    CompilationUnitImpl.visitChildren (package:analyzer/src/dart/ast/ast.dart:3634:21)
[WrapWithConsumer] 2024-09-13T09:45:45.892805 #129    GeneralizingAstVisitor.visitNode (package:analyzer/dart/ast/visitor.dart:552:10)
[WrapWithConsumer] 2024-09-13T09:45:45.892805 #130    LinterVisitor.visitNode (package:custom_lint_core/src/node_lint_visitor.g.dart:784:11)
[WrapWithConsumer] 2024-09-13T09:45:45.892805 #131    GeneralizingAstVisitor.visitCompilationUnit (package:analyzer/dart/ast/visitor.dart:227:52)
[WrapWithConsumer] 2024-09-13T09:45:45.892805 #132    LinterVisitor.visitCompilationUnit (package:custom_lint_core/src/node_lint_visitor.g.dart:208:11)
[WrapWithConsumer] 2024-09-13T09:45:45.892805 #133    CompilationUnitImpl.accept (package:analyzer/src/dart/ast/ast.dart:3627:50)
[WrapWithConsumer] 2024-09-13T09:45:45.892805 #134    DartAssist.startUp.<anonymous closure> (package:custom_lint_core/src/assist.dart:81:17)
[WrapWithConsumer] 2024-09-13T09:45:45.892805 #135    _rootRun (dart:async/zone.dart:1399:13)
[WrapWithConsumer] 2024-09-13T09:45:45.892805 #136    _CustomZone.run (dart:async/zone.dart:1301:19)
[WrapWithConsumer] 2024-09-13T09:45:45.892805 #137    _CustomZone.bindCallback.<anonymous closure> (dart:async/zone.dart:1233:23)
[WrapWithConsumer] 2024-09-13T09:45:45.892805 #138    runPostRunCallbacks (package:custom_lint_core/src/plugin_base.dart:16:19)
[WrapWithConsumer] 2024-09-13T09:45:45.892805 #139    _ClientAnalyzerPlugin.handleEditGetAssists (package:custom_lint_builder/src/client.dart:473:5)
[WrapWithConsumer] 2024-09-13T09:45:45.892805 <asynchronous suspension>
[WrapWithConsumer] 2024-09-13T09:45:45.892805 #140    ServerPlugin._getResponse (package:analyzer_plugin/plugin/plugin.dart:556:18)
[WrapWithConsumer] 2024-09-13T09:45:45.892805 <asynchronous suspension>
[WrapWithConsumer] 2024-09-13T09:45:45.892805 #141    ServerPlugin._onRequest (package:analyzer_plugin/plugin/plugin.dart:599:18)
[WrapWithConsumer] 2024-09-13T09:45:45.892805 <asynchronous suspension>
[WrapWithConsumer] 2024-09-13T09:45:45.892805
[WrapWithProviderScope] 2024-09-13T09:45:45.893632 Plugin WrapWithProviderScope threw while analyzing /Users/lohnn/Programming/hackathon/bankopol/lib/screens/player_screen.dart:
[WrapWithProviderScope] 2024-09-13T09:45:45.893632 InconsistentAnalysisException: Requested result might be inconsistent with previously returned results
[WrapWithProviderScope] 2024-09-13T09:45:45.893632
[WrapWithProviderScope] 2024-09-13T09:45:45.893632 #0      AnalysisSessionImpl.checkConsistency (package:analyzer/src/dart/analysis/session.dart:54:7)
[WrapWithProviderScope] 2024-09-13T09:45:45.893632 #1      AnalysisSessionImpl.getResolvedUnit (package:analyzer/src/dart/analysis/session.dart:129:5)
[WrapWithProviderScope] 2024-09-13T09:45:45.893632 #2      ChangeBuilderImpl._createDartFileEditBuilder (package:analyzer_plugin/src/utilities/change_builder/change_builder_core.dart:287:33)
[WrapWithProviderScope] 2024-09-13T09:45:45.893632 #3      ChangeBuilderImpl.addDartFileEdit (package:analyzer_plugin/src/utilities/change_builder/change_builder_core.dart:136:23)
[WrapWithProviderScope] 2024-09-13T09:45:45.893632 #4      _ChangeBuilderImpl.addDartFileEdit (package:custom_lint_core/src/change_reporter.dart:129:33)
[WrapWithProviderScope] 2024-09-13T09:45:45.893632 #5      WrapWithProviderScope.run.<anonymous closure> (package:riverpod_lint/src/assists/wrap_with_provider_scope.dart:33:21)
[WrapWithProviderScope] 2024-09-13T09:45:45.893632 #6      _rootRunUnary (dart:async/zone.dart:1415:13)
[WrapWithProviderScope] 2024-09-13T09:45:45.893632 #7      _CustomZone.runUnary (dart:async/zone.dart:1308:19)
[WrapWithProviderScope] 2024-09-13T09:45:45.893632 #8      LinterVisitor._runSubscriptions (package:custom_lint_core/src/node_lint_visitor.g.dart:29:27)
[WrapWithProviderScope] 2024-09-13T09:45:45.893632 #9      LinterVisitor.visitInstanceCreationExpression (package:custom_lint_core/src/node_lint_visitor.g.dart:609:5)
[WrapWithProviderScope] 2024-09-13T09:45:45.893632 #10     InstanceCreationExpressionImpl.accept (package:analyzer/src/dart/ast/ast.dart:10139:15)
[WrapWithProviderScope] 2024-09-13T09:45:45.893632 #11     ReturnStatementImpl.visitChildren (package:analyzer/src/dart/ast/ast.dart:15081:18)
[WrapWithProviderScope] 2024-09-13T09:45:45.893632 #12     GeneralizingAstVisitor.visitNode (package:analyzer/dart/ast/visitor.dart:552:10)
[WrapWithProviderScope] 2024-09-13T09:45:45.893632 #13     LinterVisitor.visitNode (package:custom_lint_core/src/node_lint_visitor.g.dart:784:11)
[WrapWithProviderScope] 2024-09-13T09:45:45.893632 #14     GeneralizingAstVisitor.visitStatement (package:analyzer/dart/ast/visitor.dart:697:40)
[WrapWithProviderScope] 2024-09-13T09:45:45.893632 #15     LinterVisitor.visitStatement (package:custom_lint_core/src/node_lint_visitor.g.dart:1029:11)
[WrapWithProviderScope] 2024-09-13T09:45:45.893632 #16     GeneralizingAstVisitor.visitReturnStatement (package:analyzer/dart/ast/visitor.dart:669:52)
[WrapWithProviderScope] 2024-09-13T09:45:45.893632 #17     LinterVisitor.visitReturnStatement (package:custom_lint_core/src/node_lint_visitor.g.dart:975:11)
[WrapWithProviderScope] 2024-09-13T09:45:45.893632 #18     ReturnStatementImpl.accept (package:analyzer/src/dart/ast/ast.dart:15077:50)
[WrapWithProviderScope] 2024-09-13T09:45:45.893632 #19     NodeListImpl.accept (package:analyzer/src/dart/ast/ast.dart:12591:20)
[WrapWithProviderScope] 2024-09-13T09:45:45.893632 #20     BlockImpl.visitChildren (package:analyzer/src/dart/ast/ast.dart:2091:17)
[WrapWithProviderScope] 2024-09-13T09:45:45.893632 #21     GeneralizingAstVisitor.visitNode (package:analyzer/dart/ast/visitor.dart:552:10)
[WrapWithProviderScope] 2024-09-13T09:45:45.893632 #22     LinterVisitor.visitNode (package:custom_lint_core/src/node_lint_visitor.g.dart:784:11)
[WrapWithProviderScope] 2024-09-13T09:45:45.893632 #23     GeneralizingAstVisitor.visitStatement (package:analyzer/dart/ast/visitor.dart:697:40)
[WrapWithProviderScope] 2024-09-13T09:45:45.893632 #24     LinterVisitor.visitStatement (package:custom_lint_core/src/node_lint_visitor.g.dart:1029:11)
[WrapWithProviderScope] 2024-09-13T09:45:45.893632 #25     GeneralizingAstVisitor.visitBlock (package:analyzer/dart/ast/visitor.dart:181:32)
[WrapWithProviderScope] 2024-09-13T09:45:45.893632 #26     LinterVisitor.visitBlock (package:custom_lint_core/src/node_lint_visitor.g.dart:112:11)
[WrapWithProviderScope] 2024-09-13T09:45:45.893632 #27     BlockImpl.accept (package:analyzer/src/dart/ast/ast.dart:2087:50)
[WrapWithProviderScope] 2024-09-13T09:45:45.893632 #28     BlockFunctionBodyImpl.visitChildren (package:analyzer/src/dart/ast/ast.dart:2047:12)
[WrapWithProviderScope] 2024-09-13T09:45:45.893632 #29     GeneralizingAstVisitor.visitNode (package:analyzer/dart/ast/visitor.dart:552:10)
[WrapWithProviderScope] 2024-09-13T09:45:45.893632 #30     LinterVisitor.visitNode (package:custom_lint_core/src/node_lint_visitor.g.dart:784:11)
[WrapWithProviderScope] 2024-09-13T09:45:45.893632 #31     GeneralizingAstVisitor.visitFunctionBody (package:analyzer/dart/ast/visitor.dart:384:46)
[WrapWithProviderScope] 2024-09-13T09:45:45.893632 #32     LinterVisitor.visitFunctionBody (package:custom_lint_core/src/node_lint_visitor.g.dart:490:11)
[WrapWithProviderScope] 2024-09-13T09:45:45.893632 #33     GeneralizingAstVisitor.visitBlockFunctionBody (package:analyzer/dart/ast/visitor.dart:184:56)
[WrapWithProviderScope] 2024-09-13T09:45:45.893632 #34     LinterVisitor.visitBlockFunctionBody (package:custom_lint_core/src/node_lint_visitor.g.dart:118:11)
[WrapWithProviderScope] 2024-09-13T09:45:45.893632 #35     BlockFunctionBodyImpl.accept (package:analyzer/src/dart/ast/ast.dart:2039:50)
[WrapWithProviderScope] 2024-09-13T09:45:45.893632 #36     FunctionExpressionImpl.visitChildren (package:analyzer/src/dart/ast/ast.dart:8326:11)
[WrapWithProviderScope] 2024-09-13T09:45:45.893632 #37     GeneralizingAstVisitor.visitNode (package:analyzer/dart/ast/visitor.dart:552:10)
[WrapWithProviderScope] 2024-09-13T09:45:45.893632 #38     LinterVisitor.visitNode (package:custom_lint_core/src/node_lint_visitor.g.dart:784:11)
[WrapWithProviderScope] 2024-09-13T09:45:45.893632 #39     GeneralizingAstVisitor.visitCollectionElement (package:analyzer/dart/ast/visitor.dart:216:56)
[WrapWithProviderScope] 2024-09-13T09:45:45.893632 #40     LinterVisitor.visitCollectionElement (package:custom_lint_core/src/node_lint_visitor.g.dart:184:11)
[WrapWithProviderScope] 2024-09-13T09:45:45.893632 #41     GeneralizingAstVisitor.visitExpression (package:analyzer/dart/ast/visitor.dart:313:42)
[WrapWithProviderScope] 2024-09-13T09:45:45.893632 #42     LinterVisitor.visitExpression (package:custom_lint_core/src/node_lint_visitor.g.dart:370:11)
[WrapWithProviderScope] 2024-09-13T09:45:45.893632 #43     GeneralizingAstVisitor.visitFunctionExpression (package:analyzer/dart/ast/visitor.dart:399:58)
[WrapWithProviderScope] 2024-09-13T09:45:45.893632 #44     LinterVisitor.visitFunctionExpression (package:custom_lint_core/src/node_lint_visitor.g.dart:508:11)
[WrapWithProviderScope] 2024-09-13T09:45:45.893632 #45     FunctionExpressionImpl.accept (package:analyzer/src/dart/ast/ast.dart:8315:50)
[WrapWithProviderScope] 2024-09-13T09:45:45.893632 #46     NamedExpressionImpl.visitChildren (package:analyzer/src/dart/ast/ast.dart:12191:17)
[WrapWithProviderScope] 2024-09-13T09:45:45.893632 #47     GeneralizingAstVisitor.visitNode (package:analyzer/dart/ast/visitor.dart:552:10)
[WrapWithProviderScope] 2024-09-13T09:45:45.893632 #48     LinterVisitor.visitNode (package:custom_lint_core/src/node_lint_visitor.g.dart:784:11)
[WrapWithProviderScope] 2024-09-13T09:45:45.893632 #49     GeneralizingAstVisitor.visitCollectionElement (package:analyzer/dart/ast/visitor.dart:216:56)
[WrapWithProviderScope] 2024-09-13T09:45:45.893632 #50     LinterVisitor.visitCollectionElement (package:custom_lint_core/src/node_lint_visitor.g.dart:184:11)
[WrapWithProviderScope] 2024-09-13T09:45:45.893632 #51     GeneralizingAstVisitor.visitExpression (package:analyzer/dart/ast/visitor.dart:313:42)
[WrapWithProviderScope] 2024-09-13T09:45:45.893632 #52     LinterVisitor.visitExpression (package:custom_lint_core/src/node_lint_visitor.g.dart:370:11)
[WrapWithProviderScope] 2024-09-13T09:45:45.893632 #53     GeneralizingAstVisitor.visitNamedExpression (package:analyzer/dart/ast/visitor.dart:536:52)
[WrapWithProviderScope] 2024-09-13T09:45:45.893632 #54     LinterVisitor.visitNamedExpression (package:custom_lint_core/src/node_lint_visitor.g.dart:754:11)
[WrapWithProviderScope] 2024-09-13T09:45:45.893632 #55     NamedExpressionImpl.accept (package:analyzer/src/dart/ast/ast.dart:12181:50)
[WrapWithProviderScope] 2024-09-13T09:45:45.893632 #56     NodeListImpl.accept (package:analyzer/src/dart/ast/ast.dart:12591:20)
[WrapWithProviderScope] 2024-09-13T09:45:45.893632 #57     ArgumentListImpl.visitChildren (package:analyzer/src/dart/ast/ast.dart:498:16)
[WrapWithProviderScope] 2024-09-13T09:45:45.893632 #58     GeneralizingAstVisitor.visitNode (package:analyzer/dart/ast/visitor.dart:552:10)
[WrapWithProviderScope] 2024-09-13T09:45:45.893632 #59     LinterVisitor.visitNode (package:custom_lint_core/src/node_lint_visitor.g.dart:784:11)
[WrapWithProviderScope] 2024-09-13T09:45:45.893632 #60     GeneralizingAstVisitor.visitArgumentList (package:analyzer/dart/ast/visitor.dart:143:46)
[WrapWithProviderScope] 2024-09-13T09:45:45.893632 #61     LinterVisitor.visitArgumentList (package:custom_lint_core/src/node_lint_visitor.g.dart:58:11)
[WrapWithProviderScope] 2024-09-13T09:45:45.893632 #62     ArgumentListImpl.accept (package:analyzer/src/dart/ast/ast.dart:494:50)
[WrapWithProviderScope] 2024-09-13T09:45:45.893632 #63     MethodInvocationImpl.visitChildren (package:analyzer/src/dart/ast/ast.dart:11890:19)
[WrapWithProviderScope] 2024-09-13T09:45:45.893632 #64     GeneralizingAstVisitor.visitNode (package:analyzer/dart/ast/visitor.dart:552:10)
[WrapWithProviderScope] 2024-09-13T09:45:45.893632 #65     LinterVisitor.visitNode (package:custom_lint_core/src/node_lint_visitor.g.dart:784:11)
[WrapWithProviderScope] 2024-09-13T09:45:45.893632 #66     GeneralizingAstVisitor.visitCollectionElement (package:analyzer/dart/ast/visitor.dart:216:56)
[WrapWithProviderScope] 2024-09-13T09:45:45.893632 #67     LinterVisitor.visitCollectionElement (package:custom_lint_core/src/node_lint_visitor.g.dart:184:11)
[WrapWithProviderScope] 2024-09-13T09:45:45.893632 #68     GeneralizingAstVisitor.visitExpression (package:analyzer/dart/ast/visitor.dart:313:42)
[WrapWithProviderScope] 2024-09-13T09:45:45.893632 #69     LinterVisitor.visitExpression (package:custom_lint_core/src/node_lint_visitor.g.dart:370:11)
[WrapWithProviderScope] 2024-09-13T09:45:45.893632 #70     GeneralizingAstVisitor.visitInvocationExpression (package:analyzer/dart/ast/visitor.dart:470:7)
[WrapWithProviderScope] 2024-09-13T09:45:45.893632 #71     LinterVisitor.visitInvocationExpression (package:custom_lint_core/src/node_lint_visitor.g.dart:640:11)
[WrapWithProviderScope] 2024-09-13T09:45:45.893632 #72     GeneralizingAstVisitor.visitMethodInvocation (package:analyzer/dart/ast/visitor.dart:520:7)
[WrapWithProviderScope] 2024-09-13T09:45:45.893632 #73     LinterVisitor.visitMethodInvocation (package:custom_lint_core/src/node_lint_visitor.g.dart:736:11)
[WrapWithProviderScope] 2024-09-13T09:45:45.893632 #74     MethodInvocationImpl.accept (package:analyzer/src/dart/ast/ast.dart:11878:50)
[WrapWithProviderScope] 2024-09-13T09:45:45.893632 #75     ExpressionStatementImpl.visitChildren (package:analyzer/src/dart/ast/ast.dart:6206:17)
[WrapWithProviderScope] 2024-09-13T09:45:45.893632 #76     GeneralizingAstVisitor.visitNode (package:analyzer/dart/ast/visitor.dart:552:10)
[WrapWithProviderScope] 2024-09-13T09:45:45.893632 #77     LinterVisitor.visitNode (package:custom_lint_core/src/node_lint_visitor.g.dart:784:11)
[WrapWithProviderScope] 2024-09-13T09:45:45.893632 #78     GeneralizingAstVisitor.visitStatement (package:analyzer/dart/ast/visitor.dart:697:40)
[WrapWithProviderScope] 2024-09-13T09:45:45.893632 #79     LinterVisitor.visitStatement (package:custom_lint_core/src/node_lint_visitor.g.dart:1029:11)
[WrapWithProviderScope] 2024-09-13T09:45:45.893632 #80     GeneralizingAstVisitor.visitExpressionStatement (package:analyzer/dart/ast/visitor.dart:320:60)
[WrapWithProviderScope] 2024-09-13T09:45:45.893632 #81     LinterVisitor.visitExpressionStatement (package:custom_lint_core/src/node_lint_visitor.g.dart:382:11)
[WrapWithProviderScope] 2024-09-13T09:45:45.893632 #82     ExpressionStatementImpl.accept (package:analyzer/src/dart/ast/ast.dart:6202:50)
[WrapWithProviderScope] 2024-09-13T09:45:45.893632 #83     NodeListImpl.accept (package:analyzer/src/dart/ast/ast.dart:12591:20)
[WrapWithProviderScope] 2024-09-13T09:45:45.893632 #84     BlockImpl.visitChildren (package:analyzer/src/dart/ast/ast.dart:2091:17)
[WrapWithProviderScope] 2024-09-13T09:45:45.893632 #85     GeneralizingAstVisitor.visitNode (package:analyzer/dart/ast/visitor.dart:552:10)
[WrapWithProviderScope] 2024-09-13T09:45:45.893632 #86     LinterVisitor.visitNode (package:custom_lint_core/src/node_lint_visitor.g.dart:784:11)
[WrapWithProviderScope] 2024-09-13T09:45:45.893632 #87     GeneralizingAstVisitor.visitStatement (package:analyzer/dart/ast/visitor.dart:697:40)
[WrapWithProviderScope] 2024-09-13T09:45:45.893632 #88     LinterVisitor.visitStatement (package:custom_lint_core/src/node_lint_visitor.g.dart:1029:11)
[WrapWithProviderScope] 2024-09-13T09:45:45.893632 #89     GeneralizingAstVisitor.visitBlock (package:analyzer/dart/ast/visitor.dart:181:32)
[WrapWithProviderScope] 2024-09-13T09:45:45.893632 #90     LinterVisitor.visitBlock (package:custom_lint_core/src/node_lint_visitor.g.dart:112:11)
[WrapWithProviderScope] 2024-09-13T09:45:45.893632 #91     BlockImpl.accept (package:analyzer/src/dart/ast/ast.dart:2087:50)
[WrapWithProviderScope] 2024-09-13T09:45:45.893632 #92     BlockFunctionBodyImpl.visitChildren (package:analyzer/src/dart/ast/ast.dart:2047:12)
[WrapWithProviderScope] 2024-09-13T09:45:45.893632 #93     GeneralizingAstVisitor.visitNode (package:analyzer/dart/ast/visitor.dart:552:10)
[WrapWithProviderScope] 2024-09-13T09:45:45.893632 #94     LinterVisitor.visitNode (package:custom_lint_core/src/node_lint_visitor.g.dart:784:11)
[WrapWithProviderScope] 2024-09-13T09:45:45.893632 #95     GeneralizingAstVisitor.visitFunctionBody (package:analyzer/dart/ast/visitor.dart:384:46)
[WrapWithProviderScope] 2024-09-13T09:45:45.893632 #96     LinterVisitor.visitFunctionBody (package:custom_lint_core/src/node_lint_visitor.g.dart:490:11)
[WrapWithProviderScope] 2024-09-13T09:45:45.893632 #97     GeneralizingAstVisitor.visitBlockFunctionBody (package:analyzer/dart/ast/visitor.dart:184:56)
[WrapWithProviderScope] 2024-09-13T09:45:45.893632 #98     LinterVisitor.visitBlockFunctionBody (package:custom_lint_core/src/node_lint_visitor.g.dart:118:11)
[WrapWithProviderScope] 2024-09-13T09:45:45.893632 #99     BlockFunctionBodyImpl.accept (package:analyzer/src/dart/ast/ast.dart:2039:50)
[WrapWithProviderScope] 2024-09-13T09:45:45.893632 #100    MethodDeclarationImpl.visitChildren (package:analyzer/src/dart/ast/ast.dart:11701:10)
[WrapWithProviderScope] 2024-09-13T09:45:45.893632 #101    GeneralizingAstVisitor.visitNode (package:analyzer/dart/ast/visitor.dart:552:10)
[WrapWithProviderScope] 2024-09-13T09:45:45.893632 #102    LinterVisitor.visitNode (package:custom_lint_core/src/node_lint_visitor.g.dart:784:11)
[WrapWithProviderScope] 2024-09-13T09:45:45.893632 #103    GeneralizingAstVisitor.visitAnnotatedNode (package:analyzer/dart/ast/visitor.dart:137:48)
[WrapWithProviderScope] 2024-09-13T09:45:45.893632 #104    LinterVisitor.visitAnnotatedNode (package:custom_lint_core/src/node_lint_visitor.g.dart:46:11)
[WrapWithProviderScope] 2024-09-13T09:45:45.893632 #105    GeneralizingAstVisitor.visitDeclaration (package:analyzer/dart/ast/visitor.dart:268:44)
[WrapWithProviderScope] 2024-09-13T09:45:45.893632 #106    LinterVisitor.visitDeclaration (package:custom_lint_core/src/node_lint_visitor.g.dart:286:11)
[WrapWithProviderScope] 2024-09-13T09:45:45.893632 #107    GeneralizingAstVisitor.visitClassMember (package:analyzer/dart/ast/visitor.dart:211:44)
[WrapWithProviderScope] 2024-09-13T09:45:45.893632 #108    LinterVisitor.visitClassMember (package:custom_lint_core/src/node_lint_visitor.g.dart:172:11)
[WrapWithProviderScope] 2024-09-13T09:45:45.893632 #109    GeneralizingAstVisitor.visitMethodDeclaration (package:analyzer/dart/ast/visitor.dart:516:56)
[WrapWithProviderScope] 2024-09-13T09:45:45.893632 #110    LinterVisitor.visitMethodDeclaration (package:custom_lint_core/src/node_lint_visitor.g.dart:730:11)
[WrapWithProviderScope] 2024-09-13T09:45:45.893632 #111    MethodDeclarationImpl.accept (package:analyzer/src/dart/ast/ast.dart:11693:50)
[WrapWithProviderScope] 2024-09-13T09:45:45.893632 #112    NodeListImpl.accept (package:analyzer/src/dart/ast/ast.dart:12591:20)
[WrapWithProviderScope] 2024-09-13T09:45:45.893632 #113    ClassDeclarationImpl.visitChildren (package:analyzer/src/dart/ast/ast.dart:2952:13)
[WrapWithProviderScope] 2024-09-13T09:45:45.893632 #114    GeneralizingAstVisitor.visitNode (package:analyzer/dart/ast/visitor.dart:552:10)
[WrapWithProviderScope] 2024-09-13T09:45:45.893632 #115    LinterVisitor.visitNode (package:custom_lint_core/src/node_lint_visitor.g.dart:784:11)
[WrapWithProviderScope] 2024-09-13T09:45:45.893632 #116    GeneralizingAstVisitor.visitAnnotatedNode (package:analyzer/dart/ast/visitor.dart:137:48)
[WrapWithProviderScope] 2024-09-13T09:45:45.893632 #117    LinterVisitor.visitAnnotatedNode (package:custom_lint_core/src/node_lint_visitor.g.dart:46:11)
[WrapWithProviderScope] 2024-09-13T09:45:45.893632 #118    GeneralizingAstVisitor.visitDeclaration (package:analyzer/dart/ast/visitor.dart:268:44)
[WrapWithProviderScope] 2024-09-13T09:45:45.893632 #119    LinterVisitor.visitDeclaration (package:custom_lint_core/src/node_lint_visitor.g.dart:286:11)
[WrapWithProviderScope] 2024-09-13T09:45:45.893632 #120    GeneralizingAstVisitor.visitCompilationUnitMember (package:analyzer/dart/ast/visitor.dart:230:7)
[WrapWithProviderScope] 2024-09-13T09:45:45.893632 #121    LinterVisitor.visitCompilationUnitMember (package:custom_lint_core/src/node_lint_visitor.g.dart:214:11)
[WrapWithProviderScope] 2024-09-13T09:45:45.893632 #122    GeneralizingAstVisitor.visitNamedCompilationUnitMember (package:analyzer/dart/ast/visitor.dart:533:7)
[WrapWithProviderScope] 2024-09-13T09:45:45.893632 #123    LinterVisitor.visitNamedCompilationUnitMember (package:custom_lint_core/src/node_lint_visitor.g.dart:748:11)
[WrapWithProviderScope] 2024-09-13T09:45:45.893632 #124    GeneralizingAstVisitor.visitClassDeclaration (package:analyzer/dart/ast/visitor.dart:209:7)
[WrapWithProviderScope] 2024-09-13T09:45:45.893632 #125    LinterVisitor.visitClassDeclaration (package:custom_lint_core/src/node_lint_visitor.g.dart:166:11)
[WrapWithProviderScope] 2024-09-13T09:45:45.893632 #126    ClassDeclarationImpl.accept (package:analyzer/src/dart/ast/ast.dart:2942:50)
[WrapWithProviderScope] 2024-09-13T09:45:45.893632 #127    NodeListImpl.accept (package:analyzer/src/dart/ast/ast.dart:12591:20)
[WrapWithProviderScope] 2024-09-13T09:45:45.893632 #128    CompilationUnitImpl.visitChildren (package:analyzer/src/dart/ast/ast.dart:3634:21)
[WrapWithProviderScope] 2024-09-13T09:45:45.893632 #129    GeneralizingAstVisitor.visitNode (package:analyzer/dart/ast/visitor.dart:552:10)
[WrapWithProviderScope] 2024-09-13T09:45:45.893632 #130    LinterVisitor.visitNode (package:custom_lint_core/src/node_lint_visitor.g.dart:784:11)
[WrapWithProviderScope] 2024-09-13T09:45:45.893632 #131    GeneralizingAstVisitor.visitCompilationUnit (package:analyzer/dart/ast/visitor.dart:227:52)
[WrapWithProviderScope] 2024-09-13T09:45:45.893632 #132    LinterVisitor.visitCompilationUnit (package:custom_lint_core/src/node_lint_visitor.g.dart:208:11)
[WrapWithProviderScope] 2024-09-13T09:45:45.893632 #133    CompilationUnitImpl.accept (package:analyzer/src/dart/ast/ast.dart:3627:50)
[WrapWithProviderScope] 2024-09-13T09:45:45.893632 #134    DartAssist.startUp.<anonymous closure> (package:custom_lint_core/src/assist.dart:81:17)
[WrapWithProviderScope] 2024-09-13T09:45:45.893632 #135    _rootRun (dart:async/zone.dart:1399:13)
[WrapWithProviderScope] 2024-09-13T09:45:45.893632 #136    _CustomZone.run (dart:async/zone.dart:1301:19)
[WrapWithProviderScope] 2024-09-13T09:45:45.893632 #137    _CustomZone.bindCallback.<anonymous closure> (dart:async/zone.dart:1233:23)
[WrapWithProviderScope] 2024-09-13T09:45:45.893632 #138    runPostRunCallbacks (package:custom_lint_core/src/plugin_base.dart:16:19)
[WrapWithProviderScope] 2024-09-13T09:45:45.893632 #139    _ClientAnalyzerPlugin.handleEditGetAssists (package:custom_lint_builder/src/client.dart:473:5)
[WrapWithProviderScope] 2024-09-13T09:45:45.893632 <asynchronous suspension>
[WrapWithProviderScope] 2024-09-13T09:45:45.893632 #140    ServerPlugin._getResponse (package:analyzer_plugin/plugin/plugin.dart:556:18)
[WrapWithProviderScope] 2024-09-13T09:45:45.893632 <asynchronous suspension>
[WrapWithProviderScope] 2024-09-13T09:45:45.893632 #141    ServerPlugin._onRequest (package:analyzer_plugin/plugin/plugin.dart:599:18)
[WrapWithProviderScope] 2024-09-13T09:45:45.893632 <asynchronous suspension>
[WrapWithProviderScope] 2024-09-13T09:45:45.893632
The Dart VM service is listening on http://127.0.0.1:53412/wFaVO1rn348=/
The Dart DevTools debugger and profiler is available at: http://127.0.0.1:53412/wFaVO1rn348=/devtools/?uri=ws://127.0.0.1:53412/wFaVO1rn348=/ws
The Dart VM service is listening on http://127.0.0.1:53685/8Y3L7HHQVCY=/
The Dart DevTools debugger and profiler is available at: http://127.0.0.1:53685/8Y3L7HHQVCY=/devtools/?uri=ws://127.0.0.1:53685/8Y3L7HHQVCY=/ws
The Dart VM service is listening on http://127.0.0.1:54075/BhYxV3BxpLo=/
The Dart DevTools debugger and profiler is available at: http://127.0.0.1:54075/BhYxV3BxpLo=/devtools/?uri=ws://127.0.0.1:54075/BhYxV3BxpLo=/ws
The Dart VM service is listening on http://127.0.0.1:55055/xG1BIAYe4pk=/
The Dart DevTools debugger and profiler is available at: http://127.0.0.1:55055/xG1BIAYe4pk=/devtools/?uri=ws://127.0.0.1:55055/xG1BIAYe4pk=/ws
